[log:2021-07-19-15-04-33] 処理開始
[log:2021-07-19-15-04-42] 検索キーワード：年収７００万円
[log:2021-07-19-15-05-09] 1件目成功：株式会社グランド1コーポレーション 
[log:2021-07-19-15-05-09] 2件目成功：株式会社トライアルカンパニー 
[log:2021-07-19-15-05-09] 3件目失敗：UTエイム株式会社 
[log:2021-07-19-15-05-09] list index out of range
[log:2021-07-19-15-05-09] 4件目成功：UTエイム株式会社 
[log:2021-07-19-15-05-09] 5件目成功：株式会社タウンハウジング 
[log:2021-07-19-15-05-09] 6件目成功：株式会社協和エクシオ 
[log:2021-07-19-15-05-09] 7件目成功：株式会社ビッグモーター 
[log:2021-07-19-15-05-09] 8件目成功：株式会社ダイヤ工務店 
[log:2021-07-19-15-05-09] 9件目成功：株式会社ダンデライン 
[log:2021-07-19-15-05-09] 10件目成功：UTコンストラクション株式会社 
[log:2021-07-19-15-05-09] 11件目成功：日本交通株式会社 
[log:2021-07-19-15-05-09] 12件目成功：日本交通株式会社 
[log:2021-07-19-15-05-09] 13件目成功：日本交通株式会社 
[log:2021-07-19-15-05-09] 14件目成功：日本交通株式会社 
[log:2021-07-19-15-05-09] 15件目失敗：アプライド マテリアルズ ジャパン株式会社 
[log:2021-07-19-15-05-09] list index out of range
[log:2021-07-19-15-05-09] 16件目成功：株式会社エンパワー 
[log:2021-07-19-15-05-09] 17件目失敗：アプライド マテリアルズ ジャパン株式会社 
[log:2021-07-19-15-05-09] list index out of range
[log:2021-07-19-15-05-09] 18件目成功：UTコンストラクション株式会社 
[log:2021-07-19-15-05-09] 19件目成功：株式会社パイプマン 
[log:2021-07-19-15-05-09] 20件目成功：旭化成リフォーム株式会社 
[log:2021-07-19-15-05-09] 21件目成功：株式会社北浦工業 
[log:2021-07-19-15-05-09] 22件目成功：株式会社青山 
[log:2021-07-19-15-05-09] 23件目失敗：株式会社御剣商事 
[log:2021-07-19-15-05-09] list index out of range
[log:2021-07-19-15-05-10] 24件目成功：九鉄工業株式会社 
[log:2021-07-19-15-05-10] 25件目成功：ALH株式会社 
[log:2021-07-19-15-05-10] 26件目成功：森繁建設株式会社 
[log:2021-07-19-15-05-10] 27件目成功：セブンシーズ株式会社 
[log:2021-07-19-15-05-10] 28件目成功：株式会社ルノン 
[log:2021-07-19-15-05-10] 29件目成功：UTコンストラクション株式会社 
[log:2021-07-19-15-05-10] 30件目成功：クオリア・コンサルティング株式会社 
[log:2021-07-19-15-05-10] 31件目成功：ポラス株式会社 
[log:2021-07-19-15-05-10] 32件目成功：株式会社エネゲート 
[log:2021-07-19-15-05-10] 33件目成功：株式会社阿部技建  
[log:2021-07-19-15-05-10] 34件目失敗：株式会社駅前不動産 
[log:2021-07-19-15-05-10] list index out of range
[log:2021-07-19-15-05-10] 35件目成功：株式会社ネクジット 
[log:2021-07-19-15-05-10] 36件目成功：株式会社ブレイブ 
[log:2021-07-19-15-05-10] 37件目成功：日本交通株式会社 
[log:2021-07-19-15-05-10] 38件目成功：株式会社コンフィデンス 
[log:2021-07-19-15-05-10] 39件目成功：泉北ホーム株式会社 
[log:2021-07-19-15-05-10] 40件目成功：株式会社松屋フーズ 
[log:2021-07-19-15-05-10] 41件目成功：サンリスト株式会社 
[log:2021-07-19-15-05-10] 42件目成功：ＳＣＳＫシステムマネジメント株式会社 
[log:2021-07-19-15-05-10] 43件目成功：電力調査株式会社 
[log:2021-07-19-15-05-10] 44件目成功：KUROFUNE＆PARTNERS株式会社 
[log:2021-07-19-15-05-10] 45件目成功：KUROFUNE＆PARTNERS株式会社 
[log:2021-07-19-15-05-10] 46件目成功：株式会社エコ・エー 
[log:2021-07-19-15-05-10] 47件目成功：大和ハウジング株式会社 
[log:2021-07-19-15-05-10] 48件目成功：関西住宅販売株式会社 
[log:2021-07-19-15-05-10] 49件目成功：株式会社クランディア 
[log:2021-07-19-15-05-10] 50件目成功：株式会社アール・エヌ・ゴトー 
[log:2021-07-19-15-05-23] 51件目成功：株式会社グランド1コーポレーション 
[log:2021-07-19-15-05-23] 52件目成功：株式会社トライアルカンパニー 
[log:2021-07-19-15-05-23] 53件目成功：UTエイム株式会社 
[log:2021-07-19-15-05-23] 54件目成功：UTエイム株式会社 
[log:2021-07-19-15-05-23] 55件目成功：株式会社タウンハウジング 
[log:2021-07-19-15-05-23] 56件目成功：株式会社協和エクシオ 
[log:2021-07-19-15-05-23] 57件目成功：株式会社ビッグモーター 
[log:2021-07-19-15-05-23] 58件目成功：株式会社ダイヤ工務店 
[log:2021-07-19-15-05-23] 59件目成功：株式会社ダンデライン 
[log:2021-07-19-15-05-23] 60件目成功：UTコンストラクション株式会社 
[log:2021-07-19-15-05-23] 61件目失敗：日本交通株式会社 
[log:2021-07-19-15-05-23] list index out of range
[log:2021-07-19-15-05-23] 62件目成功：日本交通株式会社 
[log:2021-07-19-15-05-23] 63件目成功：日本交通株式会社 
[log:2021-07-19-15-05-23] 64件目成功：日本交通株式会社 
[log:2021-07-19-15-05-23] 65件目成功：アプライド マテリアルズ ジャパン株式会社 
[log:2021-07-19-15-05-23] 66件目成功：株式会社エンパワー 
[log:2021-07-19-15-05-23] 67件目成功：アプライド マテリアルズ ジャパン株式会社 
[log:2021-07-19-15-05-23] 68件目成功：UTコンストラクション株式会社 
[log:2021-07-19-15-05-23] 69件目成功：株式会社パイプマン 
[log:2021-07-19-15-05-23] 70件目成功：旭化成リフォーム株式会社 
[log:2021-07-19-15-05-23] 71件目失敗：株式会社北浦工業 
[log:2021-07-19-15-05-23] list index out of range
[log:2021-07-19-15-05-23] 72件目失敗：株式会社青山 
[log:2021-07-19-15-05-23] list index out of range
[log:2021-07-19-15-05-23] 73件目成功：株式会社御剣商事 
[log:2021-07-19-15-05-23] 74件目成功：九鉄工業株式会社 
[log:2021-07-19-15-05-23] 75件目成功：ALH株式会社 
[log:2021-07-19-15-05-23] 76件目成功：森繁建設株式会社 
[log:2021-07-19-15-05-23] 77件目成功：セブンシーズ株式会社 
[log:2021-07-19-15-05-23] 78件目成功：株式会社ルノン 
[log:2021-07-19-15-05-23] 79件目失敗：UTコンストラクション株式会社 
[log:2021-07-19-15-05-23] list index out of range
[log:2021-07-19-15-05-23] 80件目失敗：クオリア・コンサルティング株式会社 
[log:2021-07-19-15-05-23] list index out of range
[log:2021-07-19-15-05-23] 81件目成功：ポラス株式会社 
[log:2021-07-19-15-05-23] 82件目失敗：株式会社エネゲート 
[log:2021-07-19-15-05-23] list index out of range
[log:2021-07-19-15-05-23] 83件目成功：株式会社阿部技建  
[log:2021-07-19-15-05-23] 84件目成功：株式会社駅前不動産 
[log:2021-07-19-15-05-23] 85件目成功：株式会社ネクジット 
[log:2021-07-19-15-05-23] 86件目成功：株式会社ブレイブ 
[log:2021-07-19-15-05-23] 87件目成功：日本交通株式会社 
[log:2021-07-19-15-05-23] 88件目失敗：株式会社コンフィデンス 
[log:2021-07-19-15-05-23] list index out of range
[log:2021-07-19-15-05-23] 89件目成功：泉北ホーム株式会社 
[log:2021-07-19-15-05-23] 90件目成功：株式会社松屋フーズ 
[log:2021-07-19-15-05-23] 91件目成功：サンリスト株式会社 
[log:2021-07-19-15-05-23] 92件目成功：ＳＣＳＫシステムマネジメント株式会社 
[log:2021-07-19-15-05-23] 93件目成功：電力調査株式会社 
[log:2021-07-19-15-05-23] 94件目成功：KUROFUNE＆PARTNERS株式会社 
[log:2021-07-19-15-05-23] 95件目成功：KUROFUNE＆PARTNERS株式会社 
[log:2021-07-19-15-05-23] 96件目成功：株式会社エコ・エー 
[log:2021-07-19-15-05-23] 97件目成功：大和ハウジング株式会社 
[log:2021-07-19-15-05-23] 98件目成功：関西住宅販売株式会社 
[log:2021-07-19-15-05-23] 99件目失敗：株式会社クランディア 
[log:2021-07-19-15-05-23] list index out of range
[log:2021-07-19-15-05-23] 100件目成功：株式会社アール・エヌ・ゴトー 
[log:2021-07-19-15-05-35] 101件目失敗：株式会社グランド1コーポレーション 
[log:2021-07-19-15-05-35] list index out of range
[log:2021-07-19-15-05-35] 102件目成功：株式会社トライアルカンパニー 
[log:2021-07-19-15-05-35] 103件目成功：UTエイム株式会社 
[log:2021-07-19-15-05-35] 104件目成功：UTエイム株式会社 
[log:2021-07-19-15-05-35] 105件目成功：株式会社タウンハウジング 
[log:2021-07-19-15-05-35] 106件目成功：株式会社協和エクシオ 
[log:2021-07-19-15-05-35] 107件目成功：株式会社ビッグモーター 
[log:2021-07-19-15-05-35] 108件目成功：株式会社ダイヤ工務店 
[log:2021-07-19-15-05-35] 109件目失敗：株式会社ダンデライン 
[log:2021-07-19-15-05-35] list index out of range
[log:2021-07-19-15-05-35] 110件目成功：UTコンストラクション株式会社 
[log:2021-07-19-15-05-35] 111件目成功：日本交通株式会社 
[log:2021-07-19-15-05-35] 112件目成功：日本交通株式会社 
[log:2021-07-19-15-05-35] 113件目成功：日本交通株式会社 
[log:2021-07-19-15-05-35] 114件目成功：日本交通株式会社 
[log:2021-07-19-15-05-35] 115件目成功：アプライド マテリアルズ ジャパン株式会社 
[log:2021-07-19-15-05-35] 116件目成功：株式会社エンパワー 
[log:2021-07-19-15-05-35] 117件目成功：アプライド マテリアルズ ジャパン株式会社 
[log:2021-07-19-15-05-35] 118件目失敗：UTコンストラクション株式会社 
[log:2021-07-19-15-05-35] list index out of range
[log:2021-07-19-15-05-35] 119件目成功：株式会社パイプマン 
[log:2021-07-19-15-05-35] 120件目失敗：旭化成リフォーム株式会社 
[log:2021-07-19-15-05-35] list index out of range
[log:2021-07-19-15-05-36] 121件目成功：株式会社北浦工業 
[log:2021-07-19-15-05-36] 122件目成功：株式会社青山 
[log:2021-07-19-15-05-36] 123件目成功：株式会社御剣商事 
[log:2021-07-19-15-05-36] 124件目成功：九鉄工業株式会社 
[log:2021-07-19-15-05-36] 125件目成功：ALH株式会社 
[log:2021-07-19-15-05-36] 126件目失敗：森繁建設株式会社 
[log:2021-07-19-15-05-36] list index out of range
[log:2021-07-19-15-05-36] 127件目成功：セブンシーズ株式会社 
[log:2021-07-19-15-05-36] 128件目成功：株式会社ルノン 
[log:2021-07-19-15-05-36] 129件目成功：UTコンストラクション株式会社 
[log:2021-07-19-15-05-36] 130件目成功：クオリア・コンサルティング株式会社 
[log:2021-07-19-15-05-36] 131件目成功：ポラス株式会社 
[log:2021-07-19-15-05-36] 132件目失敗：株式会社エネゲート 
[log:2021-07-19-15-05-36] list index out of range
[log:2021-07-19-15-05-36] 133件目成功：株式会社阿部技建  
[log:2021-07-19-15-05-36] 134件目失敗：株式会社駅前不動産 
[log:2021-07-19-15-05-36] list index out of range
[log:2021-07-19-15-05-36] 135件目成功：株式会社ネクジット 
[log:2021-07-19-15-05-36] 136件目成功：株式会社ブレイブ 
[log:2021-07-19-15-05-36] 137件目失敗：日本交通株式会社 
[log:2021-07-19-15-05-36] list index out of range
[log:2021-07-19-15-05-36] 終了しました
[log:2021-07-19-15-05-36] 処理完了 成功件数: 116 件 / 失敗件数: 21 件
